<?xml version="1.0" encoding="UTF-8"?>
<testsuite name="SpringBootstrapCrud.controller.ReadControllerTest" tests="1" skipped="0" failures="0" errors="0" timestamp="2023-02-24T12:38:35" hostname="Devashishs-MacBook-Pro.local" time="0.047">
  <properties/>
  <testcase name="shouldCallReadService()" classname="SpringBootstrapCrud.controller.ReadControllerTest" time="0.047"/>
  <system-out><![CDATA[]]></system-out>
  <system-err><![CDATA[]]></system-err>
</testsuite>
