<?xml version="1.0" encoding="UTF-8"?>
<testsuite name="SpringBootstrapCrud.SpringBootstrapCrud.SpringBootstrapCrudApplicationTests" tests="1" skipped="0" failures="0" errors="0" timestamp="2023-02-24T12:38:35" hostname="Devashishs-MacBook-Pro.local" time="0.169">
  <properties/>
  <testcase name="contextLoads()" classname="SpringBootstrapCrud.SpringBootstrapCrud.SpringBootstrapCrudApplicationTests" time="0.169"/>
  <system-out><![CDATA[2023-02-24 18:08:33.877  INFO  AnnotationConfigContextLoaderUtils -Could not detect default configuration classes for test class [SpringBootstrapCrud.SpringBootstrapCrud.SpringBootstrapCrudApplicationTests]: SpringBootstrapCrudApplicationTests does not declare any static, non-private, non-final, nested classes annotated with @Configuration.
2023-02-24 18:08:33.914  INFO  SpringBootTestContextBootstrapper -Found @SpringBootConfiguration SpringBootstrapCrud.SpringBootstrapCrudApplication for test class SpringBootstrapCrud.SpringBootstrapCrud.SpringBootstrapCrudApplicationTests

  .   ____          _            __ _ _
 /\\ / ___'_ __ _ _(_)_ __  __ _ \ \ \ \
( ( )\___ | '_ | '_| | '_ \/ _` | \ \ \ \
 \\/  ___)| |_)| | | | | || (_| |  ) ) ) )
  '  |____| .__|_| |_|_| |_\__, | / / / /
 =========|_|==============|___/=/_/_/_/
 :: Spring Boot ::       (v3.0.2-SNAPSHOT)

2023-02-24 18:08:34.065  INFO  SpringBootstrapCrudApplicationTests -Starting SpringBootstrapCrudApplicationTests using Java 18.0.2 with PID 10676 (started by devssh in /Users/devssh/GithubTest/SpringBootstrapCrud/Application/compiled/workspace/SpringBootstrapCrud)
2023-02-24 18:08:34.065  INFO  SpringBootstrapCrudApplicationTests -No active profile set, falling back to 1 default profile: "default"
2023-02-24 18:08:34.604  INFO  PostProcessorRegistrationDelegate$BeanPostProcessorChecker -Bean 'org.springframework.ws.config.annotation.DelegatingWsConfiguration' of type [org.springframework.ws.config.annotation.DelegatingWsConfiguration$$SpringCGLIB$$0] is not eligible for getting processed by all BeanPostProcessors (for example: not eligible for auto-proxying)
2023-02-24 18:08:34.614  INFO  AnnotationActionEndpointMapping -Supporting [WS-Addressing August 2004, WS-Addressing 1.0]
2023-02-24 18:08:35.138  INFO  EndpointLinksResolver -Exposing 14 endpoint(s) beneath base path '/actuator'
2023-02-24 18:08:35.145  INFO  DefaultSecurityFilterChain -Will secure any request with [org.springframework.security.web.session.DisableEncodeUrlFilter@6b64429e, org.springframework.security.web.context.request.async.WebAsyncManagerIntegrationFilter@48aa0813, org.springframework.security.web.context.SecurityContextHolderFilter@17f41739, org.springframework.security.web.header.HeaderWriterFilter@42cfd794, org.springframework.web.filter.CorsFilter@45849604, org.springframework.security.web.csrf.CsrfFilter@24de63b, org.springframework.security.web.authentication.logout.LogoutFilter@1c788d08, org.springframework.security.web.authentication.UsernamePasswordAuthenticationFilter@4583b617, org.springframework.security.web.authentication.ui.DefaultLoginPageGeneratingFilter@2a2798a2, org.springframework.security.web.authentication.ui.DefaultLogoutPageGeneratingFilter@6cbbfe29, org.springframework.security.web.authentication.www.BasicAuthenticationFilter@78fb72cb, org.springframework.security.web.savedrequest.RequestCacheAwareFilter@54286339, org.springframework.security.web.servletapi.SecurityContextHolderAwareRequestFilter@3e2c8ef, org.springframework.security.web.authentication.AnonymousAuthenticationFilter@25823192, org.springframework.security.web.access.ExceptionTranslationFilter@16949dfa, org.springframework.security.web.access.intercept.AuthorizationFilter@10cb050]
2023-02-24 18:08:35.304  INFO  SpringBootstrapCrudApplicationTests -Started SpringBootstrapCrudApplicationTests in 1.34 seconds (process running for 1.816)
]]></system-out>
  <system-err><![CDATA[]]></system-err>
</testsuite>
